\BOOKMARK [1][-]{section.1}{\376\377\000C\000h\000a\000p\000t\000e\000r\000\040\0001}{}% 1
\BOOKMARK [1][-]{section.2}{\376\377\000C\000h\000a\000p\000t\000e\000r\000\040\0002}{}% 2
\BOOKMARK [2][-]{subsection.2.1}{\376\377\000D\000e\000f\000i\000n\000i\000t\000i\000o\000n\000s}{section.2}% 3
\BOOKMARK [2][-]{subsection.2.2}{\376\377\000H\000o\000m\000o\000t\000o\000p\000y\000\040\000n\000o\000t\000i\000o\000n\000s}{section.2}% 4
\BOOKMARK [2][-]{subsection.2.3}{\376\377\000I\000n\000t\000e\000r\000n\000a\000l\000\040\000h\000o\000m\000\040\000o\000b\000j\000e\000c\000t\000s}{section.2}% 5
\BOOKMARK [2][-]{subsection.2.4}{\376\377\000F\000u\000n\000d\000a\000m\000e\000n\000t\000a\000l\000\040\000g\000r\000o\000u\000p\000o\000i\000d}{section.2}% 6
\BOOKMARK [2][-]{subsection.2.5}{\376\377\000E\000n\000r\000i\000c\000h\000i\000n\000g\000\040\000`\0003\003\001\0009\000`\0004\0002\000`\000"\003\007\0006\0001\0003\000A\000`\000`\0004\0005\000`\0004\0007\000`\000"\0006\0000\0003\000A\000T\000O\000P}{section.2}% 7
\BOOKMARK [1][-]{section.3}{\376\377\000C\000h\000a\000p\000t\000e\000r\000\040\0003}{}% 8
\BOOKMARK [2][-]{subsection.3.1}{\376\377\000D\000e\000f\000i\000n\000i\000t\000i\000o\000n\000s}{section.3}% 9
\BOOKMARK [2][-]{subsection.3.2}{\376\377\000C\000o\000v\000e\000r\000i\000n\000g\000s\000\040\000w\000i\000t\000h\000\040\000g\000r\000o\000u\000p\000\040\000a\000c\000t\000i\000o\000n\000s}{section.3}% 10
\BOOKMARK [2][-]{subsection.3.3}{\376\377\000L\000i\000f\000t\000i\000n\000g}{section.3}% 11
\BOOKMARK [2][-]{subsection.3.4}{\376\377\000C\000o\000v\000e\000r\000i\000n\000g\000s}{section.3}% 12
\BOOKMARK [1][-]{section.4}{\376\377\000C\000h\000a\000p\000t\000e\000r\000\040\0004}{}% 13
\BOOKMARK [2][-]{subsection.4.1}{\376\377\000M\000a\000p\000p\000i\000n\000g\000\040\000c\000y\000l\000i\000n\000d\000e\000r\000s}{section.4}% 14
\BOOKMARK [2][-]{subsection.4.2}{\376\377\000S\000u\000s\000p\000e\000n\000s\000i\000o\000n\000s\000\040\000a\000n\000d\000\040\000l\000o\000o\000p\000s}{section.4}% 15
\BOOKMARK [2][-]{subsection.4.3}{\376\377\000G\000r\000o\000u\000p\000\040\000o\000b\000j\000e\000c\000t\000s}{section.4}% 16
\BOOKMARK [2][-]{subsection.4.4}{\376\377\000F\000i\000b\000r\000e\000\040\000s\000e\000q\000u\000e\000n\000c\000e}{section.4}% 17
\BOOKMARK [1][-]{section.5}{\376\377\000C\000h\000a\000p\000t\000e\000r\000\040\0005}{}% 18
\BOOKMARK [2][-]{subsection.5.1}{\376\377\000C\000o\000f\000i\000b\000r\000a\000t\000i\000o\000n\000\040\000p\000r\000o\000p\000e\000r\000t\000i\000e\000s}{section.5}% 19
\BOOKMARK [2][-]{subsection.5.2}{\376\377\000C\000o\000f\000i\000b\000r\000a\000t\000i\000o\000n\000\040\000t\000r\000a\000n\000s\000p\000o\000r\000t}{section.5}% 20
\BOOKMARK [2][-]{subsection.5.3}{\376\377\000R\000e\000p\000l\000a\000c\000i\000n\000g\000\040\000m\000a\000p\000s\000\040\000b\000y\000\040\000c\000o\000f\000i\000b\000r\000a\000t\000i\000o\000n\000s}{section.5}% 21
\BOOKMARK [2][-]{subsection.5.4}{\376\377\000C\000h\000a\000r\000a\000c\000t\000e\000r\000i\000z\000a\000t\000i\000o\000n\000\040\000o\000f\000\040\000c\000o\000f\000i\000b\000r\000a\000t\000i\000o\000n}{section.5}% 22
\BOOKMARK [2][-]{subsection.5.5}{\376\377\000F\000i\000b\000r\000a\000t\000i\000o\000n\000\040\000p\000r\000o\000p\000e\000r\000t\000i\000e\000s}{section.5}% 23
\BOOKMARK [2][-]{subsection.5.6}{\376\377\000F\000i\000b\000r\000a\000t\000i\000o\000n\000\040\000t\000r\000a\000n\000s\000p\000o\000r\000t}{section.5}% 24
\BOOKMARK [2][-]{subsection.5.7}{\376\377\000R\000e\000p\000l\000a\000c\000i\000n\000g\000\040\000m\000a\000p\000s\000\040\000b\000y\000\040\000f\000i\000b\000r\000a\000t\000i\000o\000n\000s}{section.5}% 25
\BOOKMARK [2][-]{subsection.5.8}{\376\377\000F\000i\000b\000r\000a\000t\000i\000o\000n\000s\000\040\000a\000n\000d\000\040\000c\000o\000f\000i\000b\000r\000a\000t\000i\000o\000n\000s}{section.5}% 26
\BOOKMARK [1][-]{section.6}{\376\377\000C\000h\000a\000p\000t\000e\000r\000\040\0007}{}% 27
\BOOKMARK [2][-]{subsection.6.1}{\376\377\000S\000t\000a\000b\000l\000e\000\040\000h\000o\000m\000o\000t\000o\000p\000y\000\040\000c\000a\000t\000e\000g\000o\000r\000y}{section.6}% 28
\BOOKMARK [2][-]{subsection.6.2}{\376\377\000D\000u\000a\000l\000i\000t\000y}{section.6}% 29
\BOOKMARK [2][-]{subsection.6.3}{\376\377\000\050\000C\000o\000\051\000h\000o\000m\000o\000l\000o\000g\000y}{section.6}% 30
\BOOKMARK [2][-]{subsection.6.4}{\376\377\000C\000o\000m\000p\000a\000c\000t\000l\000y\000\040\000g\000e\000n\000e\000r\000a\000t\000e\000d\000\040\000s\000p\000a\000c\000e\000s}{section.6}% 31
